{"/Users/emresakarya/Projects/VS/memory/src/index.private.js": {"path":"/Users/emresakarya/Projects/VS/memory/src/index.private.js","statementMap":{"0":{"start":{"line":5,"column":23},"end":{"line":5,"column":25}},"1":{"start":{"line":16,"column":4},"end":{"line":16,"column":23}},"2":{"start":{"line":25,"column":4},"end":{"line":25,"column":71}},"3":{"start":{"line":35,"column":23},"end":{"line":35,"column":29}},"4":{"start":{"line":36,"column":4},"end":{"line":36,"column":60}},"5":{"start":{"line":44,"column":14},"end":{"line":44,"column":46}},"6":{"start":{"line":45,"column":4},"end":{"line":47,"column":5}},"7":{"start":{"line":45,"column":41},"end":{"line":45,"column":51}},"8":{"start":{"line":46,"column":6},"end":{"line":46,"column":45}},"9":{"start":{"line":48,"column":4},"end":{"line":48,"column":29}},"10":{"start":{"line":49,"column":4},"end":{"line":49,"column":15}},"11":{"start":{"line":56,"column":4},"end":{"line":56,"column":26}},"12":{"start":{"line":57,"column":4},"end":{"line":57,"column":21}},"13":{"start":{"line":58,"column":4},"end":{"line":58,"column":20}},"14":{"start":{"line":59,"column":4},"end":{"line":61,"column":6}},"15":{"start":{"line":69,"column":17},"end":{"line":69,"column":46}},"16":{"start":{"line":70,"column":19},"end":{"line":70,"column":51}},"17":{"start":{"line":71,"column":16},"end":{"line":71,"column":39}},"18":{"start":{"line":72,"column":4},"end":{"line":72,"column":15}},"19":{"start":{"line":73,"column":4},"end":{"line":73,"column":31}},"20":{"start":{"line":74,"column":4},"end":{"line":74,"column":40}},"21":{"start":{"line":75,"column":4},"end":{"line":75,"column":29}},"22":{"start":{"line":76,"column":4},"end":{"line":79,"column":6}},"23":{"start":{"line":87,"column":19},"end":{"line":87,"column":24}},"24":{"start":{"line":88,"column":4},"end":{"line":90,"column":7}},"25":{"start":{"line":89,"column":6},"end":{"line":89,"column":50}},"26":{"start":{"line":91,"column":4},"end":{"line":91,"column":20}},"27":{"start":{"line":100,"column":16},"end":{"line":100,"column":45}},"28":{"start":{"line":101,"column":4},"end":{"line":101,"column":39}},"29":{"start":{"line":102,"column":4},"end":{"line":102,"column":48}},"30":{"start":{"line":103,"column":4},"end":{"line":103,"column":15}}},"fnMap":{"0":{"name":"(anonymous_0)","decl":{"start":{"line":15,"column":2},"end":{"line":15,"column":3}},"loc":{"start":{"line":15,"column":21},"end":{"line":17,"column":3}},"line":15},"1":{"name":"(anonymous_1)","decl":{"start":{"line":24,"column":2},"end":{"line":24,"column":3}},"loc":{"start":{"line":24,"column":15},"end":{"line":26,"column":3}},"line":24},"2":{"name":"(anonymous_2)","decl":{"start":{"line":34,"column":2},"end":{"line":34,"column":3}},"loc":{"start":{"line":34,"column":25},"end":{"line":37,"column":3}},"line":34},"3":{"name":"(anonymous_3)","decl":{"start":{"line":43,"column":2},"end":{"line":43,"column":3}},"loc":{"start":{"line":43,"column":14},"end":{"line":50,"column":3}},"line":43},"4":{"name":"(anonymous_4)","decl":{"start":{"line":45,"column":33},"end":{"line":45,"column":34}},"loc":{"start":{"line":45,"column":41},"end":{"line":45,"column":51}},"line":45},"5":{"name":"(anonymous_5)","decl":{"start":{"line":55,"column":2},"end":{"line":55,"column":3}},"loc":{"start":{"line":55,"column":10},"end":{"line":62,"column":3}},"line":55},"6":{"name":"(anonymous_6)","decl":{"start":{"line":68,"column":2},"end":{"line":68,"column":3}},"loc":{"start":{"line":68,"column":20},"end":{"line":80,"column":3}},"line":68},"7":{"name":"(anonymous_7)","decl":{"start":{"line":86,"column":2},"end":{"line":86,"column":3}},"loc":{"start":{"line":86,"column":22},"end":{"line":92,"column":3}},"line":86},"8":{"name":"(anonymous_8)","decl":{"start":{"line":88,"column":16},"end":{"line":88,"column":17}},"loc":{"start":{"line":88,"column":23},"end":{"line":90,"column":5}},"line":88},"9":{"name":"(anonymous_9)","decl":{"start":{"line":99,"column":2},"end":{"line":99,"column":3}},"loc":{"start":{"line":99,"column":27},"end":{"line":104,"column":3}},"line":99}},"branchMap":{"0":{"loc":{"start":{"line":36,"column":11},"end":{"line":36,"column":59}},"type":"cond-expr","locations":[{"start":{"line":36,"column":35},"end":{"line":36,"column":54}},{"start":{"line":36,"column":57},"end":{"line":36,"column":59}}],"line":36},"1":{"loc":{"start":{"line":89,"column":6},"end":{"line":89,"column":49}},"type":"cond-expr","locations":[{"start":{"line":89,"column":25},"end":{"line":89,"column":40}},{"start":{"line":89,"column":44},"end":{"line":89,"column":49}}],"line":89},"2":{"loc":{"start":{"line":89,"column":6},"end":{"line":89,"column":21}},"type":"binary-expr","locations":[{"start":{"line":89,"column":6},"end":{"line":89,"column":11}},{"start":{"line":89,"column":15},"end":{"line":89,"column":21}}],"line":89}},"s":{"0":1,"1":0,"2":0,"3":0,"4":0,"5":0,"6":0,"7":0,"8":0,"9":0,"10":0,"11":0,"12":0,"13":0,"14":0,"15":0,"16":0,"17":0,"18":0,"19":0,"20":0,"21":0,"22":0,"23":0,"24":0,"25":0,"26":0,"27":0,"28":0,"29":0,"30":0},"f":{"0":0,"1":0,"2":0,"3":0,"4":0,"5":0,"6":0,"7":0,"8":0,"9":0},"b":{"0":[0,0],"1":[0,0],"2":[0,0]},"_coverageSchema":"43e27e138ebf9cfc5966b082cf9a028302ed4184","hash":"178c1fe2208d518f1f80291e5d727e23b74d8d4a"}
,"/Users/emresakarya/Projects/VS/memory/src/mini-memory.js": {"path":"/Users/emresakarya/Projects/VS/memory/src/mini-memory.js","statementMap":{"0":{"start":{"line":16,"column":27},"end":{"line":16,"column":65}},"1":{"start":{"line":34,"column":4},"end":{"line":34,"column":12}},"2":{"start":{"line":35,"column":17},"end":{"line":35,"column":21}},"3":{"start":{"line":36,"column":4},"end":{"line":36,"column":35}},"4":{"start":{"line":37,"column":4},"end":{"line":37,"column":39}},"5":{"start":{"line":38,"column":4},"end":{"line":38,"column":45}},"6":{"start":{"line":39,"column":4},"end":{"line":39,"column":18}},"7":{"start":{"line":41,"column":4},"end":{"line":41,"column":26}},"8":{"start":{"line":42,"column":4},"end":{"line":42,"column":21}},"9":{"start":{"line":43,"column":4},"end":{"line":43,"column":20}},"10":{"start":{"line":45,"column":4},"end":{"line":51,"column":6}},"11":{"start":{"line":48,"column":8},"end":{"line":48,"column":21}},"12":{"start":{"line":49,"column":8},"end":{"line":49,"column":22}},"13":{"start":{"line":56,"column":4},"end":{"line":56,"column":49}},"14":{"start":{"line":61,"column":4},"end":{"line":61,"column":42}},"15":{"start":{"line":65,"column":4},"end":{"line":65,"column":39}},"16":{"start":{"line":70,"column":4},"end":{"line":72,"column":6}},"17":{"start":{"line":77,"column":4},"end":{"line":77,"column":50}},"18":{"start":{"line":83,"column":4},"end":{"line":83,"column":26}},"19":{"start":{"line":84,"column":4},"end":{"line":84,"column":21}},"20":{"start":{"line":85,"column":4},"end":{"line":85,"column":20}},"21":{"start":{"line":86,"column":4},"end":{"line":88,"column":6}},"22":{"start":{"line":95,"column":4},"end":{"line":97,"column":5}},"23":{"start":{"line":96,"column":6},"end":{"line":96,"column":20}},"24":{"start":{"line":104,"column":4},"end":{"line":104,"column":30}},"25":{"start":{"line":122,"column":17},"end":{"line":122,"column":21}},"26":{"start":{"line":127,"column":6},"end":{"line":127,"column":19}},"27":{"start":{"line":128,"column":6},"end":{"line":128,"column":28}},"28":{"start":{"line":129,"column":6},"end":{"line":129,"column":20}},"29":{"start":{"line":132,"column":4},"end":{"line":153,"column":5}},"30":{"start":{"line":134,"column":8},"end":{"line":134,"column":45}},"31":{"start":{"line":135,"column":8},"end":{"line":135,"column":42}},"32":{"start":{"line":136,"column":8},"end":{"line":136,"column":14}},"33":{"start":{"line":139,"column":8},"end":{"line":143,"column":9}},"34":{"start":{"line":140,"column":10},"end":{"line":140,"column":34}},"35":{"start":{"line":142,"column":10},"end":{"line":142,"column":33}},"36":{"start":{"line":144,"column":8},"end":{"line":144,"column":14}},"37":{"start":{"line":147,"column":8},"end":{"line":147,"column":22}},"38":{"start":{"line":148,"column":8},"end":{"line":148,"column":14}},"39":{"start":{"line":161,"column":17},"end":{"line":161,"column":44}},"40":{"start":{"line":162,"column":4},"end":{"line":168,"column":5}},"41":{"start":{"line":163,"column":6},"end":{"line":166,"column":8}},"42":{"start":{"line":167,"column":6},"end":{"line":167,"column":19}},"43":{"start":{"line":170,"column":4},"end":{"line":176,"column":5}},"44":{"start":{"line":171,"column":6},"end":{"line":174,"column":8}},"45":{"start":{"line":175,"column":6},"end":{"line":175,"column":19}},"46":{"start":{"line":178,"column":4},"end":{"line":178,"column":16}},"47":{"start":{"line":185,"column":19},"end":{"line":185,"column":57}},"48":{"start":{"line":186,"column":4},"end":{"line":186,"column":36}},"49":{"start":{"line":187,"column":4},"end":{"line":187,"column":36}},"50":{"start":{"line":189,"column":19},"end":{"line":189,"column":54}},"51":{"start":{"line":190,"column":19},"end":{"line":190,"column":47}},"52":{"start":{"line":191,"column":19},"end":{"line":191,"column":48}},"53":{"start":{"line":192,"column":20},"end":{"line":192,"column":41}},"54":{"start":{"line":193,"column":23},"end":{"line":193,"column":74}},"55":{"start":{"line":195,"column":17},"end":{"line":195,"column":21}},"56":{"start":{"line":197,"column":4},"end":{"line":198,"column":53}},"57":{"start":{"line":199,"column":16},"end":{"line":199,"column":17}},"58":{"start":{"line":200,"column":16},"end":{"line":200,"column":17}},"59":{"start":{"line":201,"column":16},"end":{"line":201,"column":17}},"60":{"start":{"line":202,"column":27},"end":{"line":202,"column":56}},"61":{"start":{"line":204,"column":6},"end":{"line":209,"column":77}},"62":{"start":{"line":211,"column":18},"end":{"line":211,"column":57}},"63":{"start":{"line":212,"column":19},"end":{"line":212,"column":58}},"64":{"start":{"line":214,"column":4},"end":{"line":214,"column":42}},"65":{"start":{"line":215,"column":4},"end":{"line":215,"column":48}},"66":{"start":{"line":216,"column":4},"end":{"line":226,"column":5}},"67":{"start":{"line":217,"column":6},"end":{"line":225,"column":7}},"68":{"start":{"line":218,"column":8},"end":{"line":218,"column":42}},"69":{"start":{"line":219,"column":21},"end":{"line":219,"column":51}},"70":{"start":{"line":220,"column":8},"end":{"line":220,"column":46}},"71":{"start":{"line":221,"column":8},"end":{"line":224,"column":9}},"72":{"start":{"line":222,"column":10},"end":{"line":222,"column":44}},"73":{"start":{"line":223,"column":10},"end":{"line":223,"column":32}},"74":{"start":{"line":227,"column":4},"end":{"line":227,"column":73}},"75":{"start":{"line":227,"column":47},"end":{"line":227,"column":55}},"76":{"start":{"line":229,"column":4},"end":{"line":232,"column":7}},"77":{"start":{"line":230,"column":6},"end":{"line":230,"column":70}},"78":{"start":{"line":231,"column":6},"end":{"line":231,"column":73}},"79":{"start":{"line":234,"column":4},"end":{"line":244,"column":7}},"80":{"start":{"line":235,"column":19},"end":{"line":235,"column":38}},"81":{"start":{"line":236,"column":30},"end":{"line":236,"column":55}},"82":{"start":{"line":237,"column":6},"end":{"line":240,"column":8}},"83":{"start":{"line":243,"column":6},"end":{"line":243,"column":51}},"84":{"start":{"line":246,"column":4},"end":{"line":258,"column":9}},"85":{"start":{"line":249,"column":8},"end":{"line":249,"column":33}},"86":{"start":{"line":250,"column":8},"end":{"line":254,"column":13}},"87":{"start":{"line":253,"column":12},"end":{"line":253,"column":62}},"88":{"start":{"line":257,"column":8},"end":{"line":257,"column":58}},"89":{"start":{"line":266,"column":17},"end":{"line":266,"column":19}},"90":{"start":{"line":268,"column":4},"end":{"line":270,"column":7}},"91":{"start":{"line":269,"column":6},"end":{"line":269,"column":39}},"92":{"start":{"line":272,"column":4},"end":{"line":272,"column":16}},"93":{"start":{"line":278,"column":17},"end":{"line":278,"column":21}},"94":{"start":{"line":279,"column":4},"end":{"line":281,"column":5}},"95":{"start":{"line":280,"column":6},"end":{"line":280,"column":13}},"96":{"start":{"line":282,"column":4},"end":{"line":282,"column":60}},"97":{"start":{"line":283,"column":4},"end":{"line":283,"column":25}},"98":{"start":{"line":285,"column":4},"end":{"line":287,"column":5}},"99":{"start":{"line":286,"column":6},"end":{"line":286,"column":42}},"100":{"start":{"line":289,"column":4},"end":{"line":289,"column":58}},"101":{"start":{"line":290,"column":4},"end":{"line":293,"column":5}},"102":{"start":{"line":291,"column":6},"end":{"line":291,"column":40}},"103":{"start":{"line":292,"column":6},"end":{"line":292,"column":13}},"104":{"start":{"line":295,"column":4},"end":{"line":303,"column":14}},"105":{"start":{"line":305,"column":4},"end":{"line":305,"column":25}},"106":{"start":{"line":306,"column":4},"end":{"line":306,"column":38}},"107":{"start":{"line":308,"column":4},"end":{"line":308,"column":50}},"108":{"start":{"line":309,"column":4},"end":{"line":313,"column":6}},"109":{"start":{"line":315,"column":4},"end":{"line":315,"column":45}},"110":{"start":{"line":317,"column":4},"end":{"line":320,"column":7}},"111":{"start":{"line":318,"column":6},"end":{"line":318,"column":47}},"112":{"start":{"line":319,"column":6},"end":{"line":319,"column":27}}},"fnMap":{"0":{"name":"(anonymous_0)","decl":{"start":{"line":33,"column":2},"end":{"line":33,"column":3}},"loc":{"start":{"line":33,"column":16},"end":{"line":78,"column":3}},"line":33},"1":{"name":"(anonymous_1)","decl":{"start":{"line":47,"column":15},"end":{"line":47,"column":16}},"loc":{"start":{"line":47,"column":21},"end":{"line":50,"column":7}},"line":47},"2":{"name":"(anonymous_2)","decl":{"start":{"line":82,"column":2},"end":{"line":82,"column":3}},"loc":{"start":{"line":82,"column":10},"end":{"line":89,"column":3}},"line":82},"3":{"name":"(anonymous_3)","decl":{"start":{"line":94,"column":2},"end":{"line":94,"column":3}},"loc":{"start":{"line":94,"column":22},"end":{"line":98,"column":3}},"line":94},"4":{"name":"(anonymous_4)","decl":{"start":{"line":103,"column":2},"end":{"line":103,"column":3}},"loc":{"start":{"line":103,"column":34},"end":{"line":105,"column":3}},"line":103},"5":{"name":"(anonymous_5)","decl":{"start":{"line":110,"column":2},"end":{"line":110,"column":3}},"loc":{"start":{"line":110,"column":25},"end":{"line":110,"column":27}},"line":110},"6":{"name":"(anonymous_6)","decl":{"start":{"line":114,"column":2},"end":{"line":114,"column":3}},"loc":{"start":{"line":114,"column":20},"end":{"line":114,"column":22}},"line":114},"7":{"name":"(anonymous_7)","decl":{"start":{"line":121,"column":2},"end":{"line":121,"column":3}},"loc":{"start":{"line":121,"column":49},"end":{"line":154,"column":3}},"line":121},"8":{"name":"__fullReset","decl":{"start":{"line":126,"column":13},"end":{"line":126,"column":24}},"loc":{"start":{"line":126,"column":27},"end":{"line":130,"column":5}},"line":126},"9":{"name":"(anonymous_9)","decl":{"start":{"line":160,"column":2},"end":{"line":160,"column":3}},"loc":{"start":{"line":160,"column":27},"end":{"line":179,"column":3}},"line":160},"10":{"name":"(anonymous_10)","decl":{"start":{"line":184,"column":2},"end":{"line":184,"column":3}},"loc":{"start":{"line":184,"column":18},"end":{"line":259,"column":3}},"line":184},"11":{"name":"(anonymous_11)","decl":{"start":{"line":227,"column":40},"end":{"line":227,"column":41}},"loc":{"start":{"line":227,"column":47},"end":{"line":227,"column":55}},"line":227},"12":{"name":"(anonymous_12)","decl":{"start":{"line":229,"column":47},"end":{"line":229,"column":48}},"loc":{"start":{"line":229,"column":54},"end":{"line":232,"column":5}},"line":229},"13":{"name":"(anonymous_13)","decl":{"start":{"line":234,"column":45},"end":{"line":234,"column":46}},"loc":{"start":{"line":234,"column":52},"end":{"line":244,"column":5}},"line":234},"14":{"name":"(anonymous_14)","decl":{"start":{"line":248,"column":12},"end":{"line":248,"column":13}},"loc":{"start":{"line":248,"column":26},"end":{"line":255,"column":7}},"line":248},"15":{"name":"(anonymous_15)","decl":{"start":{"line":252,"column":17},"end":{"line":252,"column":18}},"loc":{"start":{"line":252,"column":24},"end":{"line":254,"column":11}},"line":252},"16":{"name":"(anonymous_16)","decl":{"start":{"line":256,"column":13},"end":{"line":256,"column":14}},"loc":{"start":{"line":256,"column":20},"end":{"line":258,"column":7}},"line":256},"17":{"name":"(anonymous_17)","decl":{"start":{"line":265,"column":2},"end":{"line":265,"column":3}},"loc":{"start":{"line":265,"column":17},"end":{"line":273,"column":3}},"line":265},"18":{"name":"(anonymous_18)","decl":{"start":{"line":268,"column":31},"end":{"line":268,"column":32}},"loc":{"start":{"line":268,"column":39},"end":{"line":270,"column":5}},"line":268},"19":{"name":"(anonymous_19)","decl":{"start":{"line":277,"column":2},"end":{"line":277,"column":3}},"loc":{"start":{"line":277,"column":11},"end":{"line":321,"column":3}},"line":277},"20":{"name":"(anonymous_20)","decl":{"start":{"line":317,"column":55},"end":{"line":317,"column":56}},"loc":{"start":{"line":317,"column":61},"end":{"line":320,"column":5}},"line":317}},"branchMap":{"0":{"loc":{"start":{"line":95,"column":4},"end":{"line":97,"column":5}},"type":"if","locations":[{"start":{"line":95,"column":4},"end":{"line":97,"column":5}},{"start":{"line":95,"column":4},"end":{"line":97,"column":5}}],"line":95},"1":{"loc":{"start":{"line":132,"column":4},"end":{"line":153,"column":5}},"type":"switch","locations":[{"start":{"line":133,"column":6},"end":{"line":137,"column":7}},{"start":{"line":138,"column":6},"end":{"line":145,"column":7}},{"start":{"line":146,"column":6},"end":{"line":149,"column":7}},{"start":{"line":150,"column":6},"end":{"line":152,"column":7}}],"line":132},"2":{"loc":{"start":{"line":139,"column":8},"end":{"line":143,"column":9}},"type":"if","locations":[{"start":{"line":139,"column":8},"end":{"line":143,"column":9}},{"start":{"line":139,"column":8},"end":{"line":143,"column":9}}],"line":139},"3":{"loc":{"start":{"line":162,"column":4},"end":{"line":168,"column":5}},"type":"if","locations":[{"start":{"line":162,"column":4},"end":{"line":168,"column":5}},{"start":{"line":162,"column":4},"end":{"line":168,"column":5}}],"line":162},"4":{"loc":{"start":{"line":162,"column":8},"end":{"line":162,"column":46}},"type":"binary-expr","locations":[{"start":{"line":162,"column":8},"end":{"line":162,"column":21}},{"start":{"line":162,"column":25},"end":{"line":162,"column":46}}],"line":162},"5":{"loc":{"start":{"line":170,"column":4},"end":{"line":176,"column":5}},"type":"if","locations":[{"start":{"line":170,"column":4},"end":{"line":176,"column":5}},{"start":{"line":170,"column":4},"end":{"line":176,"column":5}}],"line":170},"6":{"loc":{"start":{"line":193,"column":23},"end":{"line":193,"column":74}},"type":"cond-expr","locations":[{"start":{"line":193,"column":43},"end":{"line":193,"column":54}},{"start":{"line":193,"column":57},"end":{"line":193,"column":74}}],"line":193},"7":{"loc":{"start":{"line":204,"column":6},"end":{"line":209,"column":77}},"type":"cond-expr","locations":[{"start":{"line":205,"column":10},"end":{"line":208,"column":9}},{"start":{"line":209,"column":10},"end":{"line":209,"column":77}}],"line":204},"8":{"loc":{"start":{"line":221,"column":8},"end":{"line":224,"column":9}},"type":"if","locations":[{"start":{"line":221,"column":8},"end":{"line":224,"column":9}},{"start":{"line":221,"column":8},"end":{"line":224,"column":9}}],"line":221},"9":{"loc":{"start":{"line":279,"column":4},"end":{"line":281,"column":5}},"type":"if","locations":[{"start":{"line":279,"column":4},"end":{"line":281,"column":5}},{"start":{"line":279,"column":4},"end":{"line":281,"column":5}}],"line":279},"10":{"loc":{"start":{"line":285,"column":4},"end":{"line":287,"column":5}},"type":"if","locations":[{"start":{"line":285,"column":4},"end":{"line":287,"column":5}},{"start":{"line":285,"column":4},"end":{"line":287,"column":5}}],"line":285},"11":{"loc":{"start":{"line":290,"column":4},"end":{"line":293,"column":5}},"type":"if","locations":[{"start":{"line":290,"column":4},"end":{"line":293,"column":5}},{"start":{"line":290,"column":4},"end":{"line":293,"column":5}}],"line":290}},"s":{"0":1,"1":0,"2":0,"3":0,"4":0,"5":0,"6":0,"7":0,"8":0,"9":0,"10":0,"11":0,"12":0,"13":0,"14":0,"15":0,"16":0,"17":0,"18":0,"19":0,"20":0,"21":0,"22":0,"23":0,"24":1,"25":0,"26":0,"27":0,"28":0,"29":0,"30":0,"31":0,"32":0,"33":0,"34":0,"35":0,"36":0,"37":0,"38":0,"39":0,"40":0,"41":0,"42":0,"43":0,"44":0,"45":0,"46":0,"47":0,"48":0,"49":0,"50":0,"51":0,"52":0,"53":0,"54":0,"55":0,"56":0,"57":0,"58":0,"59":0,"60":0,"61":0,"62":0,"63":0,"64":0,"65":0,"66":0,"67":0,"68":0,"69":0,"70":0,"71":0,"72":0,"73":0,"74":0,"75":0,"76":0,"77":0,"78":0,"79":0,"80":0,"81":0,"82":0,"83":0,"84":0,"85":0,"86":0,"87":0,"88":0,"89":0,"90":0,"91":0,"92":0,"93":0,"94":0,"95":0,"96":0,"97":0,"98":0,"99":0,"100":0,"101":0,"102":0,"103":0,"104":0,"105":0,"106":0,"107":0,"108":0,"109":0,"110":0,"111":0,"112":0},"f":{"0":0,"1":0,"2":0,"3":0,"4":1,"5":0,"6":0,"7":0,"8":0,"9":0,"10":0,"11":0,"12":0,"13":0,"14":0,"15":0,"16":0,"17":0,"18":0,"19":0,"20":0},"b":{"0":[0,0],"1":[0,0,0,0],"2":[0,0],"3":[0,0],"4":[0,0],"5":[0,0],"6":[0,0],"7":[0,0],"8":[0,0],"9":[0,0],"10":[0,0],"11":[0,0]},"_coverageSchema":"43e27e138ebf9cfc5966b082cf9a028302ed4184","hash":"af9bf96f4b4f7db0ffe361731a0e511477e09580"}
,"/Users/emresakarya/Projects/VS/memory/src/lib/canvas-list.js": {"path":"/Users/emresakarya/Projects/VS/memory/src/lib/canvas-list.js","statementMap":{"0":{"start":{"line":14,"column":17},"end":{"line":14,"column":21}},"1":{"start":{"line":16,"column":4},"end":{"line":20,"column":7}},"2":{"start":{"line":17,"column":6},"end":{"line":17,"column":40}},"3":{"start":{"line":18,"column":6},"end":{"line":18,"column":42}},"4":{"start":{"line":19,"column":6},"end":{"line":19,"column":19}},"5":{"start":{"line":29,"column":21},"end":{"line":29,"column":44}},"6":{"start":{"line":30,"column":19},"end":{"line":30,"column":21}},"7":{"start":{"line":31,"column":4},"end":{"line":31,"column":45}},"8":{"start":{"line":33,"column":19},"end":{"line":33,"column":30}},"9":{"start":{"line":34,"column":16},"end":{"line":34,"column":50}},"10":{"start":{"line":36,"column":4},"end":{"line":36,"column":40}},"11":{"start":{"line":37,"column":4},"end":{"line":37,"column":18}}},"fnMap":{"0":{"name":"(anonymous_0)","decl":{"start":{"line":13,"column":2},"end":{"line":13,"column":3}},"loc":{"start":{"line":13,"column":20},"end":{"line":21,"column":3}},"line":13},"1":{"name":"(anonymous_1)","decl":{"start":{"line":16,"column":19},"end":{"line":16,"column":20}},"loc":{"start":{"line":16,"column":26},"end":{"line":20,"column":5}},"line":16},"2":{"name":"(anonymous_2)","decl":{"start":{"line":28,"column":2},"end":{"line":28,"column":3}},"loc":{"start":{"line":28,"column":24},"end":{"line":38,"column":3}},"line":28}},"branchMap":{},"s":{"0":2,"1":2,"2":14,"3":14,"4":14,"5":1,"6":1,"7":1,"8":1,"9":1,"10":1,"11":1},"f":{"0":2,"1":14,"2":1},"b":{},"_coverageSchema":"43e27e138ebf9cfc5966b082cf9a028302ed4184","hash":"32f3e2071b320795ef785f1867665d7c21f5716d"}
,"/Users/emresakarya/Projects/VS/memory/src/lib/counter.js": {"path":"/Users/emresakarya/Projects/VS/memory/src/lib/counter.js","statementMap":{"0":{"start":{"line":12,"column":4},"end":{"line":12,"column":28}},"1":{"start":{"line":13,"column":4},"end":{"line":13,"column":22}},"2":{"start":{"line":14,"column":16},"end":{"line":14,"column":26}},"3":{"start":{"line":15,"column":4},"end":{"line":19,"column":6}},"4":{"start":{"line":26,"column":16},"end":{"line":26,"column":26}},"5":{"start":{"line":27,"column":4},"end":{"line":31,"column":6}},"6":{"start":{"line":32,"column":4},"end":{"line":32,"column":20}},"7":{"start":{"line":38,"column":17},"end":{"line":38,"column":21}},"8":{"start":{"line":39,"column":16},"end":{"line":39,"column":26}},"9":{"start":{"line":40,"column":4},"end":{"line":40,"column":27}},"10":{"start":{"line":41,"column":4},"end":{"line":41,"column":25}},"11":{"start":{"line":42,"column":4},"end":{"line":42,"column":24}},"12":{"start":{"line":43,"column":4},"end":{"line":45,"column":12}},"13":{"start":{"line":44,"column":6},"end":{"line":44,"column":18}},"14":{"start":{"line":51,"column":16},"end":{"line":51,"column":26}},"15":{"start":{"line":52,"column":4},"end":{"line":52,"column":25}},"16":{"start":{"line":53,"column":4},"end":{"line":53,"column":56}},"17":{"start":{"line":54,"column":4},"end":{"line":54,"column":73}},"18":{"start":{"line":55,"column":4},"end":{"line":55,"column":40}},"19":{"start":{"line":61,"column":4},"end":{"line":61,"column":46}}},"fnMap":{"0":{"name":"(anonymous_0)","decl":{"start":{"line":11,"column":2},"end":{"line":11,"column":3}},"loc":{"start":{"line":11,"column":16},"end":{"line":20,"column":3}},"line":11},"1":{"name":"(anonymous_1)","decl":{"start":{"line":25,"column":2},"end":{"line":25,"column":3}},"loc":{"start":{"line":25,"column":12},"end":{"line":33,"column":3}},"line":25},"2":{"name":"(anonymous_2)","decl":{"start":{"line":37,"column":2},"end":{"line":37,"column":3}},"loc":{"start":{"line":37,"column":10},"end":{"line":46,"column":3}},"line":37},"3":{"name":"(anonymous_3)","decl":{"start":{"line":43,"column":45},"end":{"line":43,"column":46}},"loc":{"start":{"line":43,"column":51},"end":{"line":45,"column":5}},"line":43},"4":{"name":"(anonymous_4)","decl":{"start":{"line":50,"column":2},"end":{"line":50,"column":3}},"loc":{"start":{"line":50,"column":9},"end":{"line":56,"column":3}},"line":50},"5":{"name":"(anonymous_5)","decl":{"start":{"line":60,"column":2},"end":{"line":60,"column":3}},"loc":{"start":{"line":60,"column":9},"end":{"line":62,"column":3}},"line":60}},"branchMap":{},"s":{"0":1,"1":1,"2":1,"3":1,"4":1,"5":1,"6":1,"7":2,"8":2,"9":2,"10":2,"11":2,"12":2,"13":18,"14":18,"15":18,"16":18,"17":18,"18":18,"19":1},"f":{"0":1,"1":1,"2":2,"3":18,"4":18,"5":1},"b":{},"_coverageSchema":"43e27e138ebf9cfc5966b082cf9a028302ed4184","hash":"7163d6b0ef6dc818f655a0bbc4313243a41ce325"}
,"/Users/emresakarya/Projects/VS/memory/src/lib/debounce.js": {"path":"/Users/emresakarya/Projects/VS/memory/src/lib/debounce.js","statementMap":{"0":{"start":{"line":12,"column":22},"end":{"line":18,"column":3}},"1":{"start":{"line":13,"column":17},"end":{"line":13,"column":21}},"2":{"start":{"line":14,"column":25},"end":{"line":14,"column":56}},"3":{"start":{"line":14,"column":37},"end":{"line":14,"column":56}},"4":{"start":{"line":16,"column":4},"end":{"line":16,"column":26}},"5":{"start":{"line":17,"column":4},"end":{"line":17,"column":45}},"6":{"start":{"line":19,"column":2},"end":{"line":19,"column":21}}},"fnMap":{"0":{"name":"debounce","decl":{"start":{"line":9,"column":16},"end":{"line":9,"column":24}},"loc":{"start":{"line":9,"column":35},"end":{"line":20,"column":1}},"line":9},"1":{"name":"(anonymous_1)","decl":{"start":{"line":12,"column":22},"end":{"line":12,"column":23}},"loc":{"start":{"line":12,"column":33},"end":{"line":18,"column":3}},"line":12},"2":{"name":"(anonymous_2)","decl":{"start":{"line":14,"column":25},"end":{"line":14,"column":26}},"loc":{"start":{"line":14,"column":37},"end":{"line":14,"column":56}},"line":14}},"branchMap":{},"s":{"0":0,"1":0,"2":0,"3":0,"4":0,"5":0,"6":0},"f":{"0":0,"1":0,"2":0},"b":{},"_coverageSchema":"43e27e138ebf9cfc5966b082cf9a028302ed4184","hash":"fa5e6c28f5ea9879e01ff4f47dedbfd399e53d2c"}
,"/Users/emresakarya/Projects/VS/memory/src/lib/fallback.js": {"path":"/Users/emresakarya/Projects/VS/memory/src/lib/fallback.js","statementMap":{"0":{"start":{"line":13,"column":4},"end":{"line":13,"column":23}},"1":{"start":{"line":14,"column":4},"end":{"line":14,"column":31}},"2":{"start":{"line":15,"column":4},"end":{"line":15,"column":33}},"3":{"start":{"line":16,"column":4},"end":{"line":16,"column":41}},"4":{"start":{"line":17,"column":4},"end":{"line":17,"column":16}},"5":{"start":{"line":23,"column":17},"end":{"line":23,"column":21}},"6":{"start":{"line":29,"column":6},"end":{"line":29,"column":41}},"7":{"start":{"line":36,"column":6},"end":{"line":36,"column":72}},"8":{"start":{"line":38,"column":4},"end":{"line":48,"column":7}},"9":{"start":{"line":39,"column":6},"end":{"line":47,"column":7}},"10":{"start":{"line":39,"column":19},"end":{"line":39,"column":20}},"11":{"start":{"line":40,"column":20},"end":{"line":43,"column":9}},"12":{"start":{"line":41,"column":17},"end":{"line":41,"column":30}},"13":{"start":{"line":42,"column":17},"end":{"line":42,"column":33}},"14":{"start":{"line":45,"column":8},"end":{"line":45,"column":69}},"15":{"start":{"line":46,"column":8},"end":{"line":46,"column":36}},"16":{"start":{"line":50,"column":4},"end":{"line":52,"column":7}},"17":{"start":{"line":51,"column":6},"end":{"line":51,"column":72}},"18":{"start":{"line":54,"column":4},"end":{"line":57,"column":6}}},"fnMap":{"0":{"name":"(anonymous_0)","decl":{"start":{"line":12,"column":2},"end":{"line":12,"column":3}},"loc":{"start":{"line":12,"column":30},"end":{"line":18,"column":3}},"line":12},"1":{"name":"(anonymous_1)","decl":{"start":{"line":22,"column":2},"end":{"line":22,"column":3}},"loc":{"start":{"line":22,"column":9},"end":{"line":58,"column":3}},"line":22},"2":{"name":"imageFound","decl":{"start":{"line":28,"column":13},"end":{"line":28,"column":23}},"loc":{"start":{"line":28,"column":27},"end":{"line":30,"column":5}},"line":28},"3":{"name":"imageNotFound","decl":{"start":{"line":35,"column":13},"end":{"line":35,"column":26}},"loc":{"start":{"line":35,"column":30},"end":{"line":37,"column":5}},"line":35},"4":{"name":"(anonymous_4)","decl":{"start":{"line":38,"column":49},"end":{"line":38,"column":50}},"loc":{"start":{"line":38,"column":55},"end":{"line":48,"column":5}},"line":38},"5":{"name":"(anonymous_5)","decl":{"start":{"line":41,"column":10},"end":{"line":41,"column":11}},"loc":{"start":{"line":41,"column":17},"end":{"line":41,"column":30}},"line":41},"6":{"name":"(anonymous_6)","decl":{"start":{"line":42,"column":10},"end":{"line":42,"column":11}},"loc":{"start":{"line":42,"column":17},"end":{"line":42,"column":33}},"line":42},"7":{"name":"(anonymous_7)","decl":{"start":{"line":50,"column":50},"end":{"line":50,"column":51}},"loc":{"start":{"line":50,"column":57},"end":{"line":52,"column":5}},"line":50}},"branchMap":{},"s":{"0":0,"1":0,"2":0,"3":0,"4":0,"5":0,"6":0,"7":0,"8":0,"9":0,"10":0,"11":0,"12":0,"13":0,"14":0,"15":0,"16":0,"17":0,"18":0},"f":{"0":0,"1":0,"2":0,"3":0,"4":0,"5":0,"6":0,"7":0},"b":{},"_coverageSchema":"43e27e138ebf9cfc5966b082cf9a028302ed4184","hash":"f28fc61e5e5a2436915a67b81bd78e7fd39fc87a"}
,"/Users/emresakarya/Projects/VS/memory/src/lib/fullscreen.js": {"path":"/Users/emresakarya/Projects/VS/memory/src/lib/fullscreen.js","statementMap":{"0":{"start":{"line":10,"column":16},"end":{"line":10,"column":31}},"1":{"start":{"line":11,"column":18},"end":{"line":11,"column":37}},"2":{"start":{"line":12,"column":4},"end":{"line":12,"column":19}},"3":{"start":{"line":13,"column":4},"end":{"line":13,"column":23}},"4":{"start":{"line":14,"column":4},"end":{"line":18,"column":32}},"5":{"start":{"line":19,"column":4},"end":{"line":23,"column":27}},"6":{"start":{"line":29,"column":4},"end":{"line":36,"column":5}},"7":{"start":{"line":35,"column":6},"end":{"line":35,"column":46}},"8":{"start":{"line":42,"column":4},"end":{"line":49,"column":5}},"9":{"start":{"line":48,"column":6},"end":{"line":48,"column":43}}},"fnMap":{"0":{"name":"(anonymous_0)","decl":{"start":{"line":9,"column":2},"end":{"line":9,"column":3}},"loc":{"start":{"line":9,"column":16},"end":{"line":24,"column":3}},"line":9},"1":{"name":"(anonymous_1)","decl":{"start":{"line":28,"column":2},"end":{"line":28,"column":3}},"loc":{"start":{"line":28,"column":10},"end":{"line":37,"column":3}},"line":28},"2":{"name":"(anonymous_2)","decl":{"start":{"line":41,"column":2},"end":{"line":41,"column":3}},"loc":{"start":{"line":41,"column":9},"end":{"line":50,"column":3}},"line":41}},"branchMap":{"0":{"loc":{"start":{"line":15,"column":6},"end":{"line":18,"column":31}},"type":"binary-expr","locations":[{"start":{"line":15,"column":6},"end":{"line":15,"column":29}},{"start":{"line":16,"column":6},"end":{"line":16,"column":32}},{"start":{"line":17,"column":6},"end":{"line":17,"column":35}},{"start":{"line":18,"column":6},"end":{"line":18,"column":31}}],"line":15},"1":{"loc":{"start":{"line":20,"column":6},"end":{"line":23,"column":26}},"type":"binary-expr","locations":[{"start":{"line":20,"column":6},"end":{"line":20,"column":24}},{"start":{"line":21,"column":6},"end":{"line":21,"column":29}},{"start":{"line":22,"column":6},"end":{"line":22,"column":30}},{"start":{"line":23,"column":6},"end":{"line":23,"column":26}}],"line":20},"2":{"loc":{"start":{"line":29,"column":4},"end":{"line":36,"column":5}},"type":"if","locations":[{"start":{"line":29,"column":4},"end":{"line":36,"column":5}},{"start":{"line":29,"column":4},"end":{"line":36,"column":5}}],"line":29},"3":{"loc":{"start":{"line":30,"column":6},"end":{"line":33,"column":35}},"type":"binary-expr","locations":[{"start":{"line":30,"column":6},"end":{"line":30,"column":33}},{"start":{"line":31,"column":6},"end":{"line":31,"column":36}},{"start":{"line":32,"column":6},"end":{"line":32,"column":39}},{"start":{"line":33,"column":6},"end":{"line":33,"column":35}}],"line":30},"4":{"loc":{"start":{"line":42,"column":4},"end":{"line":49,"column":5}},"type":"if","locations":[{"start":{"line":42,"column":4},"end":{"line":49,"column":5}},{"start":{"line":42,"column":4},"end":{"line":49,"column":5}}],"line":42},"5":{"loc":{"start":{"line":43,"column":6},"end":{"line":46,"column":34}},"type":"binary-expr","locations":[{"start":{"line":43,"column":6},"end":{"line":43,"column":32}},{"start":{"line":44,"column":6},"end":{"line":44,"column":35}},{"start":{"line":45,"column":6},"end":{"line":45,"column":38}},{"start":{"line":46,"column":6},"end":{"line":46,"column":34}}],"line":43}},"s":{"0":0,"1":0,"2":0,"3":0,"4":0,"5":0,"6":0,"7":0,"8":0,"9":0},"f":{"0":0,"1":0,"2":0},"b":{"0":[0,0,0,0],"1":[0,0,0,0],"2":[0,0],"3":[0,0,0,0],"4":[0,0],"5":[0,0,0,0]},"_coverageSchema":"43e27e138ebf9cfc5966b082cf9a028302ed4184","hash":"11f2744cd41665b9fdc08749c6356fa4be37d58f"}
,"/Users/emresakarya/Projects/VS/memory/src/lib/game.js": {"path":"/Users/emresakarya/Projects/VS/memory/src/lib/game.js","statementMap":{"0":{"start":{"line":19,"column":4},"end":{"line":19,"column":48}},"1":{"start":{"line":21,"column":4},"end":{"line":21,"column":29}},"2":{"start":{"line":22,"column":4},"end":{"line":22,"column":41}},"3":{"start":{"line":23,"column":4},"end":{"line":23,"column":40}},"4":{"start":{"line":25,"column":4},"end":{"line":25,"column":39}},"5":{"start":{"line":27,"column":4},"end":{"line":27,"column":34}},"6":{"start":{"line":28,"column":4},"end":{"line":28,"column":20}},"7":{"start":{"line":29,"column":4},"end":{"line":29,"column":33}},"8":{"start":{"line":30,"column":4},"end":{"line":30,"column":26}},"9":{"start":{"line":32,"column":4},"end":{"line":35,"column":6}},"10":{"start":{"line":43,"column":4},"end":{"line":43,"column":26}},"11":{"start":{"line":45,"column":4},"end":{"line":47,"column":5}},"12":{"start":{"line":46,"column":6},"end":{"line":46,"column":21}},"13":{"start":{"line":53,"column":17},"end":{"line":53,"column":21}},"14":{"start":{"line":55,"column":4},"end":{"line":55,"column":24}},"15":{"start":{"line":56,"column":4},"end":{"line":56,"column":43}},"16":{"start":{"line":57,"column":4},"end":{"line":98,"column":7}},"17":{"start":{"line":58,"column":6},"end":{"line":97,"column":9}},"18":{"start":{"line":59,"column":8},"end":{"line":61,"column":9}},"19":{"start":{"line":60,"column":10},"end":{"line":60,"column":31}},"20":{"start":{"line":62,"column":8},"end":{"line":64,"column":9}},"21":{"start":{"line":63,"column":10},"end":{"line":63,"column":17}},"22":{"start":{"line":65,"column":8},"end":{"line":68,"column":9}},"23":{"start":{"line":66,"column":29},"end":{"line":66,"column":61}},"24":{"start":{"line":67,"column":10},"end":{"line":67,"column":67}},"25":{"start":{"line":69,"column":8},"end":{"line":96,"column":9}},"26":{"start":{"line":71,"column":12},"end":{"line":71,"column":45}},"27":{"start":{"line":72,"column":12},"end":{"line":72,"column":45}},"28":{"start":{"line":75,"column":12},"end":{"line":75,"column":38}},"29":{"start":{"line":77,"column":12},"end":{"line":77,"column":36}},"30":{"start":{"line":78,"column":12},"end":{"line":78,"column":18}},"31":{"start":{"line":81,"column":12},"end":{"line":81,"column":38}},"32":{"start":{"line":82,"column":12},"end":{"line":82,"column":36}},"33":{"start":{"line":83,"column":12},"end":{"line":91,"column":13}},"34":{"start":{"line":84,"column":14},"end":{"line":84,"column":30}},"35":{"start":{"line":85,"column":14},"end":{"line":85,"column":32}},"36":{"start":{"line":86,"column":14},"end":{"line":90,"column":15}},"37":{"start":{"line":87,"column":16},"end":{"line":87,"column":36}},"38":{"start":{"line":88,"column":33},"end":{"line":88,"column":59}},"39":{"start":{"line":89,"column":16},"end":{"line":89,"column":52}},"40":{"start":{"line":92,"column":12},"end":{"line":92,"column":18}},"41":{"start":{"line":100,"column":4},"end":{"line":100,"column":25}},"42":{"start":{"line":101,"column":18},"end":{"line":101,"column":43}},"43":{"start":{"line":102,"column":4},"end":{"line":107,"column":7}},"44":{"start":{"line":103,"column":6},"end":{"line":106,"column":20}},"45":{"start":{"line":104,"column":8},"end":{"line":104,"column":35}},"46":{"start":{"line":105,"column":8},"end":{"line":105,"column":26}},"47":{"start":{"line":108,"column":23},"end":{"line":108,"column":51}},"48":{"start":{"line":109,"column":4},"end":{"line":109,"column":42}},"49":{"start":{"line":117,"column":17},"end":{"line":117,"column":21}},"50":{"start":{"line":118,"column":16},"end":{"line":118,"column":43}},"51":{"start":{"line":120,"column":4},"end":{"line":123,"column":5}},"52":{"start":{"line":121,"column":6},"end":{"line":121,"column":70}},"53":{"start":{"line":122,"column":6},"end":{"line":122,"column":13}},"54":{"start":{"line":124,"column":4},"end":{"line":124,"column":33}},"55":{"start":{"line":125,"column":4},"end":{"line":125,"column":40}},"56":{"start":{"line":132,"column":17},"end":{"line":132,"column":21}},"57":{"start":{"line":133,"column":4},"end":{"line":133,"column":50}},"58":{"start":{"line":134,"column":4},"end":{"line":134,"column":36}},"59":{"start":{"line":142,"column":16},"end":{"line":142,"column":39}},"60":{"start":{"line":143,"column":4},"end":{"line":143,"column":18}},"61":{"start":{"line":145,"column":18},"end":{"line":150,"column":5}},"62":{"start":{"line":152,"column":4},"end":{"line":152,"column":44}},"63":{"start":{"line":153,"column":4},"end":{"line":153,"column":77}},"64":{"start":{"line":161,"column":4},"end":{"line":161,"column":16}},"65":{"start":{"line":164,"column":4},"end":{"line":164,"column":67}},"66":{"start":{"line":164,"column":54},"end":{"line":164,"column":65}},"67":{"start":{"line":165,"column":4},"end":{"line":165,"column":32}},"68":{"start":{"line":167,"column":4},"end":{"line":171,"column":5}},"69":{"start":{"line":168,"column":6},"end":{"line":168,"column":19}},"70":{"start":{"line":170,"column":6},"end":{"line":170,"column":29}}},"fnMap":{"0":{"name":"(anonymous_0)","decl":{"start":{"line":17,"column":2},"end":{"line":17,"column":3}},"loc":{"start":{"line":17,"column":32},"end":{"line":36,"column":3}},"line":17},"1":{"name":"(anonymous_1)","decl":{"start":{"line":42,"column":2},"end":{"line":42,"column":3}},"loc":{"start":{"line":42,"column":16},"end":{"line":48,"column":3}},"line":42},"2":{"name":"(anonymous_2)","decl":{"start":{"line":52,"column":2},"end":{"line":52,"column":3}},"loc":{"start":{"line":52,"column":12},"end":{"line":110,"column":3}},"line":52},"3":{"name":"(anonymous_3)","decl":{"start":{"line":57,"column":24},"end":{"line":57,"column":25}},"loc":{"start":{"line":57,"column":31},"end":{"line":98,"column":5}},"line":57},"4":{"name":"(anonymous_4)","decl":{"start":{"line":58,"column":34},"end":{"line":58,"column":35}},"loc":{"start":{"line":58,"column":41},"end":{"line":97,"column":7}},"line":58},"5":{"name":"(anonymous_5)","decl":{"start":{"line":102,"column":24},"end":{"line":102,"column":25}},"loc":{"start":{"line":102,"column":34},"end":{"line":107,"column":5}},"line":102},"6":{"name":"(anonymous_6)","decl":{"start":{"line":103,"column":17},"end":{"line":103,"column":18}},"loc":{"start":{"line":103,"column":23},"end":{"line":106,"column":7}},"line":103},"7":{"name":"(anonymous_7)","decl":{"start":{"line":116,"column":2},"end":{"line":116,"column":3}},"loc":{"start":{"line":116,"column":19},"end":{"line":126,"column":3}},"line":116},"8":{"name":"(anonymous_8)","decl":{"start":{"line":131,"column":2},"end":{"line":131,"column":3}},"loc":{"start":{"line":131,"column":20},"end":{"line":135,"column":3}},"line":131},"9":{"name":"(anonymous_9)","decl":{"start":{"line":141,"column":2},"end":{"line":141,"column":3}},"loc":{"start":{"line":141,"column":35},"end":{"line":154,"column":3}},"line":141},"10":{"name":"(anonymous_10)","decl":{"start":{"line":160,"column":2},"end":{"line":160,"column":3}},"loc":{"start":{"line":160,"column":21},"end":{"line":172,"column":3}},"line":160},"11":{"name":"(anonymous_11)","decl":{"start":{"line":164,"column":47},"end":{"line":164,"column":48}},"loc":{"start":{"line":164,"column":54},"end":{"line":164,"column":65}},"line":164}},"branchMap":{"0":{"loc":{"start":{"line":45,"column":4},"end":{"line":47,"column":5}},"type":"if","locations":[{"start":{"line":45,"column":4},"end":{"line":47,"column":5}},{"start":{"line":45,"column":4},"end":{"line":47,"column":5}}],"line":45},"1":{"loc":{"start":{"line":59,"column":8},"end":{"line":61,"column":9}},"type":"if","locations":[{"start":{"line":59,"column":8},"end":{"line":61,"column":9}},{"start":{"line":59,"column":8},"end":{"line":61,"column":9}}],"line":59},"2":{"loc":{"start":{"line":62,"column":8},"end":{"line":64,"column":9}},"type":"if","locations":[{"start":{"line":62,"column":8},"end":{"line":64,"column":9}},{"start":{"line":62,"column":8},"end":{"line":64,"column":9}}],"line":62},"3":{"loc":{"start":{"line":65,"column":8},"end":{"line":68,"column":9}},"type":"if","locations":[{"start":{"line":65,"column":8},"end":{"line":68,"column":9}},{"start":{"line":65,"column":8},"end":{"line":68,"column":9}}],"line":65},"4":{"loc":{"start":{"line":69,"column":8},"end":{"line":96,"column":9}},"type":"switch","locations":[{"start":{"line":70,"column":10},"end":{"line":73,"column":11}},{"start":{"line":74,"column":10},"end":{"line":79,"column":11}},{"start":{"line":80,"column":10},"end":{"line":93,"column":11}},{"start":{"line":95,"column":10},"end":{"line":95,"column":18}}],"line":69},"5":{"loc":{"start":{"line":83,"column":12},"end":{"line":91,"column":13}},"type":"if","locations":[{"start":{"line":83,"column":12},"end":{"line":91,"column":13}},{"start":{"line":83,"column":12},"end":{"line":91,"column":13}}],"line":83},"6":{"loc":{"start":{"line":86,"column":14},"end":{"line":90,"column":15}},"type":"if","locations":[{"start":{"line":86,"column":14},"end":{"line":90,"column":15}},{"start":{"line":86,"column":14},"end":{"line":90,"column":15}}],"line":86},"7":{"loc":{"start":{"line":120,"column":4},"end":{"line":123,"column":5}},"type":"if","locations":[{"start":{"line":120,"column":4},"end":{"line":123,"column":5}},{"start":{"line":120,"column":4},"end":{"line":123,"column":5}}],"line":120},"8":{"loc":{"start":{"line":165,"column":4},"end":{"line":165,"column":31}},"type":"cond-expr","locations":[{"start":{"line":165,"column":18},"end":{"line":165,"column":23}},{"start":{"line":165,"column":26},"end":{"line":165,"column":31}}],"line":165},"9":{"loc":{"start":{"line":167,"column":4},"end":{"line":171,"column":5}},"type":"if","locations":[{"start":{"line":167,"column":4},"end":{"line":171,"column":5}},{"start":{"line":167,"column":4},"end":{"line":171,"column":5}}],"line":167},"10":{"loc":{"start":{"line":167,"column":8},"end":{"line":167,"column":28}},"type":"binary-expr","locations":[{"start":{"line":167,"column":8},"end":{"line":167,"column":16}},{"start":{"line":167,"column":20},"end":{"line":167,"column":28}}],"line":167}},"s":{"0":0,"1":0,"2":0,"3":0,"4":0,"5":0,"6":0,"7":0,"8":0,"9":0,"10":0,"11":0,"12":0,"13":0,"14":0,"15":0,"16":0,"17":0,"18":0,"19":0,"20":0,"21":0,"22":0,"23":0,"24":0,"25":0,"26":0,"27":0,"28":0,"29":0,"30":0,"31":0,"32":0,"33":0,"34":0,"35":0,"36":0,"37":0,"38":0,"39":0,"40":0,"41":0,"42":0,"43":0,"44":0,"45":0,"46":0,"47":0,"48":0,"49":0,"50":0,"51":0,"52":0,"53":0,"54":0,"55":0,"56":0,"57":0,"58":0,"59":0,"60":0,"61":0,"62":0,"63":0,"64":0,"65":0,"66":0,"67":0,"68":0,"69":0,"70":0},"f":{"0":0,"1":0,"2":0,"3":0,"4":0,"5":0,"6":0,"7":0,"8":0,"9":0,"10":0,"11":0},"b":{"0":[0,0],"1":[0,0],"2":[0,0],"3":[0,0],"4":[0,0,0,0],"5":[0,0],"6":[0,0],"7":[0,0],"8":[0,0],"9":[0,0],"10":[0,0]},"_coverageSchema":"43e27e138ebf9cfc5966b082cf9a028302ed4184","hash":"c6b528facd3074fa641b61f5dc6b1aeff7623cd8"}
,"/Users/emresakarya/Projects/VS/memory/src/lib/image-list.js": {"path":"/Users/emresakarya/Projects/VS/memory/src/lib/image-list.js","statementMap":{"0":{"start":{"line":11,"column":19},"end":{"line":11,"column":30}},"1":{"start":{"line":12,"column":16},"end":{"line":12,"column":50}},"2":{"start":{"line":13,"column":4},"end":{"line":13,"column":34}}},"fnMap":{"0":{"name":"(anonymous_0)","decl":{"start":{"line":10,"column":2},"end":{"line":10,"column":3}},"loc":{"start":{"line":10,"column":11},"end":{"line":14,"column":3}},"line":10}},"branchMap":{},"s":{"0":1,"1":1,"2":1},"f":{"0":1},"b":{},"_coverageSchema":"43e27e138ebf9cfc5966b082cf9a028302ed4184","hash":"ad2c8a04a8e1b7977775cdcfd268465949447979"}
,"/Users/emresakarya/Projects/VS/memory/src/lib/image-server.js": {"path":"/Users/emresakarya/Projects/VS/memory/src/lib/image-server.js","statementMap":{"0":{"start":{"line":11,"column":4},"end":{"line":11,"column":23}},"1":{"start":{"line":12,"column":4},"end":{"line":12,"column":23}},"2":{"start":{"line":13,"column":4},"end":{"line":13,"column":21}},"3":{"start":{"line":14,"column":4},"end":{"line":14,"column":45}},"4":{"start":{"line":21,"column":17},"end":{"line":21,"column":21}},"5":{"start":{"line":22,"column":4},"end":{"line":33,"column":9}},"6":{"start":{"line":24,"column":8},"end":{"line":24,"column":31}},"7":{"start":{"line":27,"column":8},"end":{"line":27,"column":33}},"8":{"start":{"line":28,"column":8},"end":{"line":28,"column":24}},"9":{"start":{"line":31,"column":8},"end":{"line":31,"column":17}},"10":{"start":{"line":32,"column":8},"end":{"line":32,"column":29}},"11":{"start":{"line":42,"column":17},"end":{"line":42,"column":21}},"12":{"start":{"line":43,"column":4},"end":{"line":43,"column":39}},"13":{"start":{"line":44,"column":17},"end":{"line":47,"column":42}},"14":{"start":{"line":48,"column":4},"end":{"line":48,"column":41}},"15":{"start":{"line":49,"column":4},"end":{"line":49,"column":42}},"16":{"start":{"line":50,"column":4},"end":{"line":54,"column":9}},"17":{"start":{"line":51,"column":26},"end":{"line":51,"column":41}},"18":{"start":{"line":53,"column":8},"end":{"line":53,"column":32}},"19":{"start":{"line":63,"column":17},"end":{"line":63,"column":21}},"20":{"start":{"line":65,"column":4},"end":{"line":75,"column":7}},"21":{"start":{"line":66,"column":6},"end":{"line":74,"column":9}},"22":{"start":{"line":67,"column":20},"end":{"line":67,"column":49}},"23":{"start":{"line":68,"column":8},"end":{"line":71,"column":35}},"24":{"start":{"line":73,"column":8},"end":{"line":73,"column":38}},"25":{"start":{"line":77,"column":4},"end":{"line":80,"column":38}}},"fnMap":{"0":{"name":"(anonymous_0)","decl":{"start":{"line":10,"column":2},"end":{"line":10,"column":3}},"loc":{"start":{"line":10,"column":21},"end":{"line":15,"column":3}},"line":10},"1":{"name":"(anonymous_1)","decl":{"start":{"line":20,"column":2},"end":{"line":20,"column":3}},"loc":{"start":{"line":20,"column":16},"end":{"line":34,"column":3}},"line":20},"2":{"name":"(anonymous_2)","decl":{"start":{"line":23,"column":12},"end":{"line":23,"column":13}},"loc":{"start":{"line":23,"column":26},"end":{"line":25,"column":7}},"line":23},"3":{"name":"(anonymous_3)","decl":{"start":{"line":26,"column":12},"end":{"line":26,"column":13}},"loc":{"start":{"line":26,"column":26},"end":{"line":29,"column":7}},"line":26},"4":{"name":"(anonymous_4)","decl":{"start":{"line":30,"column":13},"end":{"line":30,"column":14}},"loc":{"start":{"line":30,"column":22},"end":{"line":33,"column":7}},"line":30},"5":{"name":"(anonymous_5)","decl":{"start":{"line":41,"column":2},"end":{"line":41,"column":3}},"loc":{"start":{"line":41,"column":25},"end":{"line":55,"column":3}},"line":41},"6":{"name":"(anonymous_6)","decl":{"start":{"line":51,"column":12},"end":{"line":51,"column":13}},"loc":{"start":{"line":51,"column":26},"end":{"line":51,"column":41}},"line":51},"7":{"name":"(anonymous_7)","decl":{"start":{"line":52,"column":12},"end":{"line":52,"column":13}},"loc":{"start":{"line":52,"column":21},"end":{"line":54,"column":7}},"line":52},"8":{"name":"(anonymous_8)","decl":{"start":{"line":62,"column":2},"end":{"line":62,"column":3}},"loc":{"start":{"line":62,"column":21},"end":{"line":81,"column":3}},"line":62},"9":{"name":"(anonymous_9)","decl":{"start":{"line":65,"column":49},"end":{"line":65,"column":50}},"loc":{"start":{"line":65,"column":56},"end":{"line":75,"column":5}},"line":65},"10":{"name":"(anonymous_10)","decl":{"start":{"line":66,"column":25},"end":{"line":66,"column":26}},"loc":{"start":{"line":66,"column":36},"end":{"line":74,"column":7}},"line":66}},"branchMap":{},"s":{"0":0,"1":0,"2":0,"3":0,"4":0,"5":0,"6":0,"7":0,"8":0,"9":0,"10":0,"11":0,"12":0,"13":0,"14":0,"15":0,"16":0,"17":0,"18":0,"19":0,"20":0,"21":0,"22":0,"23":0,"24":0,"25":0},"f":{"0":0,"1":0,"2":0,"3":0,"4":0,"5":0,"6":0,"7":0,"8":0,"9":0,"10":0},"b":{},"_coverageSchema":"43e27e138ebf9cfc5966b082cf9a028302ed4184","hash":"c5d6f33906e50d9767790af9cef39452c8bbb7c4"}
,"/Users/emresakarya/Projects/VS/memory/src/lib/pairs-list.js": {"path":"/Users/emresakarya/Projects/VS/memory/src/lib/pairs-list.js","statementMap":{"0":{"start":{"line":11,"column":16},"end":{"line":11,"column":39}},"1":{"start":{"line":12,"column":14},"end":{"line":12,"column":32}},"2":{"start":{"line":13,"column":14},"end":{"line":13,"column":33}},"3":{"start":{"line":14,"column":16},"end":{"line":14,"column":37}},"4":{"start":{"line":15,"column":4},"end":{"line":15,"column":30}},"5":{"start":{"line":16,"column":4},"end":{"line":16,"column":27}},"6":{"start":{"line":17,"column":4},"end":{"line":27,"column":6}},"7":{"start":{"line":28,"column":4},"end":{"line":28,"column":24}},"8":{"start":{"line":29,"column":4},"end":{"line":29,"column":15}},"9":{"start":{"line":37,"column":17},"end":{"line":37,"column":21}},"10":{"start":{"line":38,"column":18},"end":{"line":38,"column":23}},"11":{"start":{"line":39,"column":4},"end":{"line":46,"column":7}},"12":{"start":{"line":40,"column":6},"end":{"line":42,"column":7}},"13":{"start":{"line":41,"column":8},"end":{"line":41,"column":23}},"14":{"start":{"line":43,"column":6},"end":{"line":45,"column":7}},"15":{"start":{"line":44,"column":8},"end":{"line":44,"column":23}},"16":{"start":{"line":48,"column":4},"end":{"line":48,"column":19}},"17":{"start":{"line":57,"column":16},"end":{"line":57,"column":24}},"18":{"start":{"line":58,"column":16},"end":{"line":58,"column":24}},"19":{"start":{"line":59,"column":17},"end":{"line":59,"column":21}},"20":{"start":{"line":60,"column":18},"end":{"line":60,"column":23}},"21":{"start":{"line":61,"column":4},"end":{"line":69,"column":7}},"22":{"start":{"line":62,"column":6},"end":{"line":68,"column":7}},"23":{"start":{"line":63,"column":8},"end":{"line":67,"column":9}},"24":{"start":{"line":64,"column":10},"end":{"line":64,"column":25}},"25":{"start":{"line":65,"column":10},"end":{"line":65,"column":30}},"26":{"start":{"line":66,"column":10},"end":{"line":66,"column":30}},"27":{"start":{"line":70,"column":4},"end":{"line":70,"column":19}},"28":{"start":{"line":80,"column":4},"end":{"line":84,"column":7}},"29":{"start":{"line":81,"column":6},"end":{"line":83,"column":7}},"30":{"start":{"line":82,"column":8},"end":{"line":82,"column":19}},"31":{"start":{"line":85,"column":4},"end":{"line":85,"column":15}}},"fnMap":{"0":{"name":"(anonymous_0)","decl":{"start":{"line":10,"column":2},"end":{"line":10,"column":3}},"loc":{"start":{"line":10,"column":20},"end":{"line":30,"column":3}},"line":10},"1":{"name":"(anonymous_1)","decl":{"start":{"line":36,"column":2},"end":{"line":36,"column":3}},"loc":{"start":{"line":36,"column":18},"end":{"line":49,"column":3}},"line":36},"2":{"name":"(anonymous_2)","decl":{"start":{"line":39,"column":17},"end":{"line":39,"column":18}},"loc":{"start":{"line":39,"column":24},"end":{"line":46,"column":5}},"line":39},"3":{"name":"(anonymous_3)","decl":{"start":{"line":56,"column":2},"end":{"line":56,"column":3}},"loc":{"start":{"line":56,"column":18},"end":{"line":71,"column":3}},"line":56},"4":{"name":"(anonymous_4)","decl":{"start":{"line":61,"column":17},"end":{"line":61,"column":18}},"loc":{"start":{"line":61,"column":24},"end":{"line":69,"column":5}},"line":61},"5":{"name":"(anonymous_5)","decl":{"start":{"line":78,"column":2},"end":{"line":78,"column":3}},"loc":{"start":{"line":78,"column":19},"end":{"line":86,"column":3}},"line":78},"6":{"name":"(anonymous_6)","decl":{"start":{"line":80,"column":17},"end":{"line":80,"column":18}},"loc":{"start":{"line":80,"column":24},"end":{"line":84,"column":5}},"line":80}},"branchMap":{"0":{"loc":{"start":{"line":40,"column":6},"end":{"line":42,"column":7}},"type":"if","locations":[{"start":{"line":40,"column":6},"end":{"line":42,"column":7}},{"start":{"line":40,"column":6},"end":{"line":42,"column":7}}],"line":40},"1":{"loc":{"start":{"line":43,"column":6},"end":{"line":45,"column":7}},"type":"if","locations":[{"start":{"line":43,"column":6},"end":{"line":45,"column":7}},{"start":{"line":43,"column":6},"end":{"line":45,"column":7}}],"line":43},"2":{"loc":{"start":{"line":62,"column":6},"end":{"line":68,"column":7}},"type":"if","locations":[{"start":{"line":62,"column":6},"end":{"line":68,"column":7}},{"start":{"line":62,"column":6},"end":{"line":68,"column":7}}],"line":62},"3":{"loc":{"start":{"line":62,"column":10},"end":{"line":62,"column":38}},"type":"binary-expr","locations":[{"start":{"line":62,"column":10},"end":{"line":62,"column":22}},{"start":{"line":62,"column":26},"end":{"line":62,"column":38}}],"line":62},"4":{"loc":{"start":{"line":63,"column":8},"end":{"line":67,"column":9}},"type":"if","locations":[{"start":{"line":63,"column":8},"end":{"line":67,"column":9}},{"start":{"line":63,"column":8},"end":{"line":67,"column":9}}],"line":63},"5":{"loc":{"start":{"line":63,"column":12},"end":{"line":63,"column":40}},"type":"binary-expr","locations":[{"start":{"line":63,"column":12},"end":{"line":63,"column":24}},{"start":{"line":63,"column":28},"end":{"line":63,"column":40}}],"line":63},"6":{"loc":{"start":{"line":81,"column":6},"end":{"line":83,"column":7}},"type":"if","locations":[{"start":{"line":81,"column":6},"end":{"line":83,"column":7}},{"start":{"line":81,"column":6},"end":{"line":83,"column":7}}],"line":81},"7":{"loc":{"start":{"line":81,"column":10},"end":{"line":81,"column":44}},"type":"binary-expr","locations":[{"start":{"line":81,"column":10},"end":{"line":81,"column":25}},{"start":{"line":81,"column":29},"end":{"line":81,"column":44}}],"line":81}},"s":{"0":0,"1":0,"2":0,"3":0,"4":0,"5":0,"6":0,"7":0,"8":0,"9":0,"10":0,"11":0,"12":0,"13":0,"14":0,"15":0,"16":0,"17":0,"18":0,"19":0,"20":0,"21":0,"22":0,"23":0,"24":0,"25":0,"26":0,"27":0,"28":0,"29":0,"30":0,"31":0},"f":{"0":0,"1":0,"2":0,"3":0,"4":0,"5":0,"6":0},"b":{"0":[0,0],"1":[0,0],"2":[0,0],"3":[0,0],"4":[0,0],"5":[0,0],"6":[0,0],"7":[0,0]},"_coverageSchema":"43e27e138ebf9cfc5966b082cf9a028302ed4184","hash":"39f6471720e7a66a760ea8980ece34bc1f07ce4b"}
,"/Users/emresakarya/Projects/VS/memory/src/lib/player.js": {"path":"/Users/emresakarya/Projects/VS/memory/src/lib/player.js","statementMap":{"0":{"start":{"line":11,"column":4},"end":{"line":11,"column":27}},"1":{"start":{"line":12,"column":4},"end":{"line":12,"column":21}},"2":{"start":{"line":13,"column":4},"end":{"line":13,"column":23}},"3":{"start":{"line":21,"column":4},"end":{"line":21,"column":43}},"4":{"start":{"line":22,"column":4},"end":{"line":22,"column":24}},"5":{"start":{"line":23,"column":4},"end":{"line":23,"column":50}},"6":{"start":{"line":24,"column":4},"end":{"line":24,"column":39}},"7":{"start":{"line":25,"column":4},"end":{"line":27,"column":7}},"8":{"start":{"line":26,"column":6},"end":{"line":26,"column":50}},"9":{"start":{"line":36,"column":14},"end":{"line":36,"column":23}},"10":{"start":{"line":37,"column":4},"end":{"line":43,"column":7}},"11":{"start":{"line":38,"column":20},"end":{"line":38,"column":36}},"12":{"start":{"line":39,"column":6},"end":{"line":39,"column":66}},"13":{"start":{"line":40,"column":6},"end":{"line":42,"column":9}},"14":{"start":{"line":41,"column":8},"end":{"line":41,"column":63}},"15":{"start":{"line":44,"column":4},"end":{"line":44,"column":28}}},"fnMap":{"0":{"name":"(anonymous_0)","decl":{"start":{"line":10,"column":2},"end":{"line":10,"column":3}},"loc":{"start":{"line":10,"column":26},"end":{"line":14,"column":3}},"line":10},"1":{"name":"(anonymous_1)","decl":{"start":{"line":20,"column":2},"end":{"line":20,"column":3}},"loc":{"start":{"line":20,"column":29},"end":{"line":28,"column":3}},"line":20},"2":{"name":"(anonymous_2)","decl":{"start":{"line":25,"column":28},"end":{"line":25,"column":29}},"loc":{"start":{"line":25,"column":47},"end":{"line":27,"column":5}},"line":25},"3":{"name":"(anonymous_3)","decl":{"start":{"line":35,"column":2},"end":{"line":35,"column":3}},"loc":{"start":{"line":35,"column":10},"end":{"line":45,"column":3}},"line":35},"4":{"name":"(anonymous_4)","decl":{"start":{"line":37,"column":37},"end":{"line":37,"column":38}},"loc":{"start":{"line":37,"column":46},"end":{"line":43,"column":5}},"line":37},"5":{"name":"(anonymous_5)","decl":{"start":{"line":40,"column":20},"end":{"line":40,"column":21}},"loc":{"start":{"line":40,"column":27},"end":{"line":42,"column":7}},"line":40}},"branchMap":{"0":{"loc":{"start":{"line":23,"column":25},"end":{"line":23,"column":49}},"type":"binary-expr","locations":[{"start":{"line":23,"column":25},"end":{"line":23,"column":43}},{"start":{"line":23,"column":47},"end":{"line":23,"column":49}}],"line":23}},"s":{"0":0,"1":0,"2":0,"3":0,"4":0,"5":0,"6":0,"7":0,"8":0,"9":0,"10":0,"11":0,"12":0,"13":0,"14":0,"15":0},"f":{"0":0,"1":0,"2":0,"3":0,"4":0,"5":0},"b":{"0":[0,0]},"_coverageSchema":"43e27e138ebf9cfc5966b082cf9a028302ed4184","hash":"f845465dcaeadfb9e21e3b501991ddfb3242b908"}
,"/Users/emresakarya/Projects/VS/memory/src/lib/scores.js": {"path":"/Users/emresakarya/Projects/VS/memory/src/lib/scores.js","statementMap":{"0":{"start":{"line":12,"column":4},"end":{"line":12,"column":22}},"1":{"start":{"line":14,"column":4},"end":{"line":14,"column":55}},"2":{"start":{"line":21,"column":17},"end":{"line":21,"column":21}},"3":{"start":{"line":22,"column":4},"end":{"line":27,"column":7}},"4":{"start":{"line":23,"column":21},"end":{"line":23,"column":37}},"5":{"start":{"line":24,"column":6},"end":{"line":26,"column":7}},"6":{"start":{"line":25,"column":8},"end":{"line":25,"column":15}},"7":{"start":{"line":29,"column":19},"end":{"line":29,"column":48}},"8":{"start":{"line":30,"column":4},"end":{"line":30,"column":30}},"9":{"start":{"line":31,"column":4},"end":{"line":31,"column":32}}},"fnMap":{"0":{"name":"(anonymous_0)","decl":{"start":{"line":11,"column":2},"end":{"line":11,"column":3}},"loc":{"start":{"line":11,"column":16},"end":{"line":15,"column":3}},"line":11},"1":{"name":"(anonymous_1)","decl":{"start":{"line":20,"column":2},"end":{"line":20,"column":3}},"loc":{"start":{"line":20,"column":24},"end":{"line":32,"column":3}},"line":20},"2":{"name":"(anonymous_2)","decl":{"start":{"line":22,"column":38},"end":{"line":22,"column":39}},"loc":{"start":{"line":22,"column":47},"end":{"line":27,"column":5}},"line":22}},"branchMap":{"0":{"loc":{"start":{"line":24,"column":6},"end":{"line":26,"column":7}},"type":"if","locations":[{"start":{"line":24,"column":6},"end":{"line":26,"column":7}},{"start":{"line":24,"column":6},"end":{"line":26,"column":7}}],"line":24}},"s":{"0":0,"1":0,"2":0,"3":0,"4":0,"5":0,"6":0,"7":0,"8":0,"9":0},"f":{"0":0,"1":0,"2":0},"b":{"0":[0,0]},"_coverageSchema":"43e27e138ebf9cfc5966b082cf9a028302ed4184","hash":"28e6a5e37391eda154eec040e88b098f5b90ac33"}
,"/Users/emresakarya/Projects/VS/memory/src/lib/settings.js": {"path":"/Users/emresakarya/Projects/VS/memory/src/lib/settings.js","statementMap":{"0":{"start":{"line":15,"column":4},"end":{"line":15,"column":23}},"1":{"start":{"line":16,"column":4},"end":{"line":16,"column":25}},"2":{"start":{"line":17,"column":4},"end":{"line":17,"column":31}},"3":{"start":{"line":18,"column":4},"end":{"line":18,"column":39}},"4":{"start":{"line":25,"column":17},"end":{"line":25,"column":21}},"5":{"start":{"line":26,"column":4},"end":{"line":26,"column":51}},"6":{"start":{"line":27,"column":4},"end":{"line":27,"column":61}},"7":{"start":{"line":29,"column":4},"end":{"line":33,"column":6}},"8":{"start":{"line":35,"column":4},"end":{"line":41,"column":6}},"9":{"start":{"line":43,"column":4},"end":{"line":43,"column":76}},"10":{"start":{"line":45,"column":4},"end":{"line":45,"column":64}},"11":{"start":{"line":46,"column":4},"end":{"line":46,"column":60}},"12":{"start":{"line":48,"column":4},"end":{"line":48,"column":61}},"13":{"start":{"line":48,"column":48},"end":{"line":48,"column":59}},"14":{"start":{"line":50,"column":4},"end":{"line":54,"column":7}},"15":{"start":{"line":53,"column":6},"end":{"line":53,"column":54}},"16":{"start":{"line":56,"column":4},"end":{"line":60,"column":7}},"17":{"start":{"line":57,"column":18},"end":{"line":57,"column":42}},"18":{"start":{"line":58,"column":6},"end":{"line":58,"column":33}},"19":{"start":{"line":59,"column":6},"end":{"line":59,"column":40}},"20":{"start":{"line":62,"column":4},"end":{"line":87,"column":7}},"21":{"start":{"line":63,"column":6},"end":{"line":66,"column":7}},"22":{"start":{"line":64,"column":8},"end":{"line":64,"column":54}},"23":{"start":{"line":65,"column":8},"end":{"line":65,"column":15}},"24":{"start":{"line":67,"column":16},"end":{"line":67,"column":43}},"25":{"start":{"line":68,"column":16},"end":{"line":68,"column":43}},"26":{"start":{"line":69,"column":18},"end":{"line":69,"column":46}},"27":{"start":{"line":70,"column":18},"end":{"line":70,"column":46}},"28":{"start":{"line":72,"column":31},"end":{"line":72,"column":63}},"29":{"start":{"line":73,"column":6},"end":{"line":73,"column":68}},"30":{"start":{"line":75,"column":6},"end":{"line":76,"column":39}},"31":{"start":{"line":78,"column":6},"end":{"line":78,"column":57}},"32":{"start":{"line":80,"column":6},"end":{"line":85,"column":7}},"33":{"start":{"line":81,"column":8},"end":{"line":81,"column":32}},"34":{"start":{"line":82,"column":8},"end":{"line":82,"column":54}},"35":{"start":{"line":84,"column":8},"end":{"line":84,"column":31}},"36":{"start":{"line":86,"column":6},"end":{"line":86,"column":18}},"37":{"start":{"line":89,"column":4},"end":{"line":94,"column":7}},"38":{"start":{"line":90,"column":6},"end":{"line":90,"column":18}},"39":{"start":{"line":92,"column":6},"end":{"line":92,"column":25}},"40":{"start":{"line":93,"column":6},"end":{"line":93,"column":26}},"41":{"start":{"line":96,"column":4},"end":{"line":100,"column":7}},"42":{"start":{"line":97,"column":6},"end":{"line":99,"column":7}},"43":{"start":{"line":98,"column":8},"end":{"line":98,"column":44}},"44":{"start":{"line":101,"column":4},"end":{"line":114,"column":7}},"45":{"start":{"line":102,"column":20},"end":{"line":102,"column":36}},"46":{"start":{"line":104,"column":6},"end":{"line":106,"column":9}},"47":{"start":{"line":105,"column":8},"end":{"line":105,"column":20}},"48":{"start":{"line":107,"column":21},"end":{"line":107,"column":23}},"49":{"start":{"line":108,"column":6},"end":{"line":110,"column":32}},"50":{"start":{"line":111,"column":6},"end":{"line":113,"column":9}},"51":{"start":{"line":112,"column":8},"end":{"line":112,"column":70}},"52":{"start":{"line":121,"column":4},"end":{"line":124,"column":59}},"53":{"start":{"line":124,"column":48},"end":{"line":124,"column":57}},"54":{"start":{"line":125,"column":26},"end":{"line":125,"column":56}},"55":{"start":{"line":127,"column":4},"end":{"line":131,"column":5}},"56":{"start":{"line":128,"column":6},"end":{"line":128,"column":56}},"57":{"start":{"line":130,"column":6},"end":{"line":130,"column":52}},"58":{"start":{"line":133,"column":4},"end":{"line":139,"column":5}},"59":{"start":{"line":134,"column":6},"end":{"line":134,"column":46}},"60":{"start":{"line":135,"column":6},"end":{"line":135,"column":66}},"61":{"start":{"line":137,"column":6},"end":{"line":137,"column":47}},"62":{"start":{"line":138,"column":6},"end":{"line":138,"column":58}},"63":{"start":{"line":141,"column":4},"end":{"line":141,"column":60}},"64":{"start":{"line":142,"column":4},"end":{"line":142,"column":49}},"65":{"start":{"line":143,"column":4},"end":{"line":147,"column":5}},"66":{"start":{"line":144,"column":6},"end":{"line":144,"column":65}},"67":{"start":{"line":146,"column":6},"end":{"line":146,"column":18}},"68":{"start":{"line":154,"column":4},"end":{"line":154,"column":51}},"69":{"start":{"line":161,"column":4},"end":{"line":161,"column":37}},"70":{"start":{"line":168,"column":4},"end":{"line":168,"column":40}}},"fnMap":{"0":{"name":"(anonymous_0)","decl":{"start":{"line":14,"column":2},"end":{"line":14,"column":3}},"loc":{"start":{"line":14,"column":21},"end":{"line":19,"column":3}},"line":14},"1":{"name":"(anonymous_1)","decl":{"start":{"line":24,"column":2},"end":{"line":24,"column":3}},"loc":{"start":{"line":24,"column":25},"end":{"line":115,"column":3}},"line":24},"2":{"name":"(anonymous_2)","decl":{"start":{"line":48,"column":42},"end":{"line":48,"column":43}},"loc":{"start":{"line":48,"column":48},"end":{"line":48,"column":59}},"line":48},"3":{"name":"(anonymous_3)","decl":{"start":{"line":50,"column":61},"end":{"line":50,"column":62}},"loc":{"start":{"line":50,"column":68},"end":{"line":54,"column":5}},"line":50},"4":{"name":"(anonymous_4)","decl":{"start":{"line":56,"column":52},"end":{"line":56,"column":53}},"loc":{"start":{"line":56,"column":59},"end":{"line":60,"column":5}},"line":56},"5":{"name":"(anonymous_5)","decl":{"start":{"line":62,"column":49},"end":{"line":62,"column":50}},"loc":{"start":{"line":62,"column":56},"end":{"line":87,"column":5}},"line":62},"6":{"name":"(anonymous_6)","decl":{"start":{"line":89,"column":47},"end":{"line":89,"column":48}},"loc":{"start":{"line":89,"column":54},"end":{"line":94,"column":5}},"line":89},"7":{"name":"(anonymous_7)","decl":{"start":{"line":96,"column":50},"end":{"line":96,"column":51}},"loc":{"start":{"line":96,"column":57},"end":{"line":100,"column":5}},"line":96},"8":{"name":"(anonymous_8)","decl":{"start":{"line":101,"column":37},"end":{"line":101,"column":38}},"loc":{"start":{"line":101,"column":46},"end":{"line":114,"column":5}},"line":101},"9":{"name":"(anonymous_9)","decl":{"start":{"line":104,"column":38},"end":{"line":104,"column":39}},"loc":{"start":{"line":104,"column":44},"end":{"line":106,"column":7}},"line":104},"10":{"name":"(anonymous_10)","decl":{"start":{"line":111,"column":21},"end":{"line":111,"column":22}},"loc":{"start":{"line":111,"column":29},"end":{"line":113,"column":7}},"line":111},"11":{"name":"(anonymous_11)","decl":{"start":{"line":120,"column":2},"end":{"line":120,"column":3}},"loc":{"start":{"line":120,"column":17},"end":{"line":148,"column":3}},"line":120},"12":{"name":"(anonymous_12)","decl":{"start":{"line":124,"column":41},"end":{"line":124,"column":42}},"loc":{"start":{"line":124,"column":48},"end":{"line":124,"column":57}},"line":124},"13":{"name":"(anonymous_13)","decl":{"start":{"line":153,"column":2},"end":{"line":153,"column":3}},"loc":{"start":{"line":153,"column":22},"end":{"line":155,"column":3}},"line":153},"14":{"name":"(anonymous_14)","decl":{"start":{"line":160,"column":2},"end":{"line":160,"column":3}},"loc":{"start":{"line":160,"column":9},"end":{"line":162,"column":3}},"line":160},"15":{"name":"(anonymous_15)","decl":{"start":{"line":167,"column":2},"end":{"line":167,"column":3}},"loc":{"start":{"line":167,"column":9},"end":{"line":169,"column":3}},"line":167}},"branchMap":{"0":{"loc":{"start":{"line":63,"column":6},"end":{"line":66,"column":7}},"type":"if","locations":[{"start":{"line":63,"column":6},"end":{"line":66,"column":7}},{"start":{"line":63,"column":6},"end":{"line":66,"column":7}}],"line":63},"1":{"loc":{"start":{"line":80,"column":6},"end":{"line":85,"column":7}},"type":"if","locations":[{"start":{"line":80,"column":6},"end":{"line":85,"column":7}},{"start":{"line":80,"column":6},"end":{"line":85,"column":7}}],"line":80},"2":{"loc":{"start":{"line":97,"column":6},"end":{"line":99,"column":7}},"type":"if","locations":[{"start":{"line":97,"column":6},"end":{"line":99,"column":7}},{"start":{"line":97,"column":6},"end":{"line":99,"column":7}}],"line":97},"3":{"loc":{"start":{"line":108,"column":6},"end":{"line":110,"column":31}},"type":"cond-expr","locations":[{"start":{"line":109,"column":10},"end":{"line":109,"column":38}},{"start":{"line":110,"column":10},"end":{"line":110,"column":31}}],"line":108},"4":{"loc":{"start":{"line":108,"column":22},"end":{"line":108,"column":40}},"type":"binary-expr","locations":[{"start":{"line":108,"column":22},"end":{"line":108,"column":28}},{"start":{"line":108,"column":32},"end":{"line":108,"column":40}}],"line":108},"5":{"loc":{"start":{"line":127,"column":4},"end":{"line":131,"column":5}},"type":"if","locations":[{"start":{"line":127,"column":4},"end":{"line":131,"column":5}},{"start":{"line":127,"column":4},"end":{"line":131,"column":5}}],"line":127},"6":{"loc":{"start":{"line":133,"column":4},"end":{"line":139,"column":5}},"type":"if","locations":[{"start":{"line":133,"column":4},"end":{"line":139,"column":5}},{"start":{"line":133,"column":4},"end":{"line":139,"column":5}}],"line":133},"7":{"loc":{"start":{"line":143,"column":4},"end":{"line":147,"column":5}},"type":"if","locations":[{"start":{"line":143,"column":4},"end":{"line":147,"column":5}},{"start":{"line":143,"column":4},"end":{"line":147,"column":5}}],"line":143},"8":{"loc":{"start":{"line":143,"column":8},"end":{"line":143,"column":49}},"type":"binary-expr","locations":[{"start":{"line":143,"column":8},"end":{"line":143,"column":21}},{"start":{"line":143,"column":25},"end":{"line":143,"column":49}}],"line":143}},"s":{"0":0,"1":0,"2":0,"3":0,"4":0,"5":0,"6":0,"7":0,"8":0,"9":0,"10":0,"11":0,"12":0,"13":0,"14":0,"15":0,"16":0,"17":0,"18":0,"19":0,"20":0,"21":0,"22":0,"23":0,"24":0,"25":0,"26":0,"27":0,"28":0,"29":0,"30":0,"31":0,"32":0,"33":0,"34":0,"35":0,"36":0,"37":0,"38":0,"39":0,"40":0,"41":0,"42":0,"43":0,"44":0,"45":0,"46":0,"47":0,"48":0,"49":0,"50":0,"51":0,"52":0,"53":0,"54":0,"55":0,"56":0,"57":0,"58":0,"59":0,"60":0,"61":0,"62":0,"63":0,"64":0,"65":0,"66":0,"67":0,"68":0,"69":0,"70":0},"f":{"0":0,"1":0,"2":0,"3":0,"4":0,"5":0,"6":0,"7":0,"8":0,"9":0,"10":0,"11":0,"12":0,"13":0,"14":0,"15":0},"b":{"0":[0,0],"1":[0,0],"2":[0,0],"3":[0,0],"4":[0,0],"5":[0,0],"6":[0,0],"7":[0,0],"8":[0,0]},"_coverageSchema":"43e27e138ebf9cfc5966b082cf9a028302ed4184","hash":"2145740e52e04584c99cc1fc81cf518ad5589890"}
,"/Users/emresakarya/Projects/VS/memory/src/lib/i18n/index.js": {"path":"/Users/emresakarya/Projects/VS/memory/src/lib/i18n/index.js","statementMap":{"0":{"start":{"line":18,"column":4},"end":{"line":20,"column":5}},"1":{"start":{"line":19,"column":6},"end":{"line":19,"column":32}},"2":{"start":{"line":22,"column":4},"end":{"line":26,"column":6}},"3":{"start":{"line":27,"column":4},"end":{"line":27,"column":47}},"4":{"start":{"line":29,"column":4},"end":{"line":29,"column":53}},"5":{"start":{"line":30,"column":4},"end":{"line":30,"column":35}},"6":{"start":{"line":32,"column":4},"end":{"line":48,"column":5}},"7":{"start":{"line":34,"column":8},"end":{"line":34,"column":23}},"8":{"start":{"line":35,"column":8},"end":{"line":35,"column":14}},"9":{"start":{"line":38,"column":8},"end":{"line":38,"column":23}},"10":{"start":{"line":39,"column":8},"end":{"line":39,"column":14}},"11":{"start":{"line":42,"column":8},"end":{"line":42,"column":23}},"12":{"start":{"line":43,"column":8},"end":{"line":43,"column":14}},"13":{"start":{"line":46,"column":8},"end":{"line":46,"column":23}},"14":{"start":{"line":57,"column":4},"end":{"line":57,"column":34}},"15":{"start":{"line":65,"column":17},"end":{"line":65,"column":51}},"16":{"start":{"line":67,"column":18},"end":{"line":67,"column":56}},"17":{"start":{"line":69,"column":4},"end":{"line":69,"column":27}},"18":{"start":{"line":77,"column":18},"end":{"line":77,"column":60}},"19":{"start":{"line":78,"column":17},"end":{"line":78,"column":21}},"20":{"start":{"line":79,"column":4},"end":{"line":92,"column":7}},"21":{"start":{"line":80,"column":6},"end":{"line":91,"column":7}},"22":{"start":{"line":82,"column":10},"end":{"line":82,"column":71}},"23":{"start":{"line":83,"column":10},"end":{"line":85,"column":11}},"24":{"start":{"line":84,"column":12},"end":{"line":84,"column":48}},"25":{"start":{"line":86,"column":10},"end":{"line":86,"column":16}},"26":{"start":{"line":89,"column":10},"end":{"line":89,"column":59}}},"fnMap":{"0":{"name":"(anonymous_0)","decl":{"start":{"line":17,"column":2},"end":{"line":17,"column":3}},"loc":{"start":{"line":17,"column":27},"end":{"line":49,"column":3}},"line":17},"1":{"name":"(anonymous_1)","decl":{"start":{"line":56,"column":2},"end":{"line":56,"column":3}},"loc":{"start":{"line":56,"column":15},"end":{"line":58,"column":3}},"line":56},"2":{"name":"(anonymous_2)","decl":{"start":{"line":64,"column":2},"end":{"line":64,"column":3}},"loc":{"start":{"line":64,"column":14},"end":{"line":70,"column":3}},"line":64},"3":{"name":"(anonymous_3)","decl":{"start":{"line":76,"column":2},"end":{"line":76,"column":3}},"loc":{"start":{"line":76,"column":21},"end":{"line":93,"column":3}},"line":76},"4":{"name":"(anonymous_4)","decl":{"start":{"line":79,"column":27},"end":{"line":79,"column":28}},"loc":{"start":{"line":79,"column":37},"end":{"line":92,"column":5}},"line":79}},"branchMap":{"0":{"loc":{"start":{"line":17,"column":14},"end":{"line":17,"column":25}},"type":"default-arg","locations":[{"start":{"line":17,"column":21},"end":{"line":17,"column":25}}],"line":17},"1":{"loc":{"start":{"line":18,"column":4},"end":{"line":20,"column":5}},"type":"if","locations":[{"start":{"line":18,"column":4},"end":{"line":20,"column":5}},{"start":{"line":18,"column":4},"end":{"line":20,"column":5}}],"line":18},"2":{"loc":{"start":{"line":32,"column":4},"end":{"line":48,"column":5}},"type":"switch","locations":[{"start":{"line":33,"column":6},"end":{"line":36,"column":7}},{"start":{"line":37,"column":6},"end":{"line":40,"column":7}},{"start":{"line":41,"column":6},"end":{"line":44,"column":7}},{"start":{"line":45,"column":6},"end":{"line":47,"column":7}}],"line":32},"3":{"loc":{"start":{"line":80,"column":6},"end":{"line":91,"column":7}},"type":"switch","locations":[{"start":{"line":81,"column":8},"end":{"line":87,"column":9}},{"start":{"line":88,"column":8},"end":{"line":90,"column":9}}],"line":80},"4":{"loc":{"start":{"line":83,"column":10},"end":{"line":85,"column":11}},"type":"if","locations":[{"start":{"line":83,"column":10},"end":{"line":85,"column":11}},{"start":{"line":83,"column":10},"end":{"line":85,"column":11}}],"line":83}},"s":{"0":0,"1":0,"2":0,"3":0,"4":0,"5":0,"6":0,"7":0,"8":0,"9":0,"10":0,"11":0,"12":0,"13":0,"14":0,"15":0,"16":0,"17":0,"18":0,"19":0,"20":0,"21":0,"22":0,"23":0,"24":0,"25":0,"26":0},"f":{"0":0,"1":0,"2":0,"3":0,"4":0},"b":{"0":[0],"1":[0,0],"2":[0,0,0,0],"3":[0,0],"4":[0,0]},"_coverageSchema":"43e27e138ebf9cfc5966b082cf9a028302ed4184","hash":"ff06a91e0251235f7ec7af3ffb2ccf6d50210509"}
,"/Users/emresakarya/Projects/VS/memory/src/lib/i18n/template.html": {"path":"/Users/emresakarya/Projects/VS/memory/src/lib/i18n/template.html","statementMap":{"0":{"start":{"line":1,"column":0},"end":{"line":1,"column":298}}},"fnMap":{},"branchMap":{},"s":{"0":1},"f":{},"b":{},"_coverageSchema":"43e27e138ebf9cfc5966b082cf9a028302ed4184","hash":"0be75ddd507ca540f9400735a8acfbb6d14ce965"}
,"/Users/emresakarya/Projects/VS/memory/src/lib/i18n/lang/de-DE.js": {"path":"/Users/emresakarya/Projects/VS/memory/src/lib/i18n/lang/de-DE.js","statementMap":{"0":{"start":{"line":1,"column":13},"end":{"line":36,"column":1}}},"fnMap":{},"branchMap":{},"s":{"0":1},"f":{},"b":{},"_coverageSchema":"43e27e138ebf9cfc5966b082cf9a028302ed4184","hash":"8ce9ebd395e462df4e999d172c13c312e1e89676"}
,"/Users/emresakarya/Projects/VS/memory/src/lib/i18n/lang/en-US.js": {"path":"/Users/emresakarya/Projects/VS/memory/src/lib/i18n/lang/en-US.js","statementMap":{"0":{"start":{"line":1,"column":13},"end":{"line":36,"column":1}}},"fnMap":{},"branchMap":{},"s":{"0":1},"f":{},"b":{},"_coverageSchema":"43e27e138ebf9cfc5966b082cf9a028302ed4184","hash":"46eee824c96076e09d1825640905f4fbadf0083d"}
,"/Users/emresakarya/Projects/VS/memory/src/lib/i18n/lang/tr-TR.js": {"path":"/Users/emresakarya/Projects/VS/memory/src/lib/i18n/lang/tr-TR.js","statementMap":{"0":{"start":{"line":1,"column":13},"end":{"line":36,"column":1}}},"fnMap":{},"branchMap":{},"s":{"0":1},"f":{},"b":{},"_coverageSchema":"43e27e138ebf9cfc5966b082cf9a028302ed4184","hash":"4c414053b153ec327692b8d55505131a79454544"}
,"/Users/emresakarya/Projects/VS/memory/src/templates/settings.html": {"path":"/Users/emresakarya/Projects/VS/memory/src/templates/settings.html","statementMap":{"0":{"start":{"line":1,"column":0},"end":{"line":1,"column":5311}}},"fnMap":{},"branchMap":{},"s":{"0":1},"f":{},"b":{},"_coverageSchema":"43e27e138ebf9cfc5966b082cf9a028302ed4184","hash":"266c36c57593049d5dc63ba9ba508ebdfbf9122f"}
,"/Users/emresakarya/Projects/VS/memory/src/templates/toolbar.html": {"path":"/Users/emresakarya/Projects/VS/memory/src/templates/toolbar.html","statementMap":{"0":{"start":{"line":1,"column":0},"end":{"line":1,"column":1232}}},"fnMap":{},"branchMap":{},"s":{"0":1},"f":{},"b":{},"_coverageSchema":"43e27e138ebf9cfc5966b082cf9a028302ed4184","hash":"4f9943dda8c1628153bc5f2f95fc98af19ea0766"}
}
